\BOOKMARK [0][-]{dummy.1}{\376\377\000D\000e\000d\000i\000c\000a\000t\000o\000r\000y}{}% 1
\BOOKMARK [0][-]{dummy.2}{\376\377\000Q\000u\000o\000t\000a\000t\000i\000o\000n}{}% 2
\BOOKMARK [0][-]{dummy.3}{\376\377\000A\000b\000s\000t\000r\000a\000c\000t}{}% 3
\BOOKMARK [0][-]{dummy.4}{\376\377\000A\000c\000k\000n\000o\000w\000l\000e\000d\000g\000e\000m\000e\000n\000t\000s}{}% 4
\BOOKMARK [0][-]{dummy.5}{\376\377\000C\000o\000n\000t\000e\000n\000t\000s}{}% 5
\BOOKMARK [0][-]{dummy.6}{\376\377\000L\000i\000s\000t\000\040\000o\000f\000\040\000F\000i\000g\000u\000r\000e\000s}{}% 6
\BOOKMARK [0][-]{dummy.7}{\376\377\000A\000b\000b\000r\000e\000v\000i\000a\000t\000i\000o\000n\000s}{}% 7
\BOOKMARK [0][-]{dummy.8}{\376\377\000P\000h\000y\000s\000i\000c\000a\000l\000\040\000C\000o\000n\000s\000t\000a\000n\000t\000s}{}% 8
\BOOKMARK [0][-]{dummy.9}{\376\377\000S\000y\000m\000b\000o\000l\000s}{}% 9
\BOOKMARK [0][-]{chapter.1}{\376\377\0001\000\040\000I\000n\000t\000r\000o\000d\000u\000c\000t\000i\000o\000n}{}% 10
\BOOKMARK [1][-]{section.1.1}{\376\377\0001\000.\0001\000\040\000S\000e\000c\000t\000i\000o\000n\000\040\000t\000i\000t\000l\000e}{chapter.1}% 11
\BOOKMARK [1][-]{section.1.2}{\376\377\0001\000.\0002\000\040\000C\000o\000m\000p\000i\000l\000i\000n\000g\000\040\000i\000n\000s\000t\000r\000u\000c\000t\000i\000o\000n\000s}{chapter.1}% 12
\BOOKMARK [1][-]{section.1.3}{\376\377\0001\000.\0003\000\040\000R\000e\000f\000e\000r\000e\000n\000c\000e\000s}{chapter.1}% 13
\BOOKMARK [0][-]{chapter.2}{\376\377\0002\000\040\000U\000s\000i\000n\000g\000\040\000F\000o\000u\000r\000i\000e\000r\000\040\000t\000r\000a\000n\000s\000f\000o\000r\000m\000\040\000p\000h\000a\000s\000e\000\040\000f\000o\000r\000\040\000t\000h\000e\000\040\000m\000e\000a\000s\000u\000r\000e\000m\000e\000n\000t\000\040\000o\000f\000\040\000r\000a\000d\000i\000a\000l\000\040\000v\000e\000l\000o\000c\000i\000t\000y}{}% 14
\BOOKMARK [1][-]{section.2.1}{\376\377\0002\000.\0001\000\040\000P\000h\000a\000s\000e\000\040\000a\000n\000a\000l\000y\000s\000i\000s\000\040\000o\000f\000\040\000F\000o\000u\000r\000i\000e\000r\000\040\000t\000r\000a\000n\000s\000f\000o\000r\000m\000\040\000f\000o\000r\000\040\000t\000h\000e\000\040\000m\000e\000a\000s\000u\000r\000e\000m\000e\000n\000t\000\040\000o\000f\000\040\000l\000i\000n\000e\000\040\000s\000h\000i\000f\000t}{chapter.2}% 15
\BOOKMARK [2][-]{subsection.2.1.1}{\376\377\0002\000.\0001\000.\0001\000\040\000T\000r\000a\000n\000s\000l\000a\000t\000i\000o\000n\000\040\000p\000r\000o\000p\000e\000r\000t\000y\000\040\000o\000f\000\040\000F\000o\000u\000r\000i\000e\000r\000\040\000t\000r\000a\000n\000s\000f\000o\000r\000m}{section.2.1}% 16
\BOOKMARK [2][-]{subsection.2.1.2}{\376\377\0002\000.\0001\000.\0002\000\040\000I\000n\000t\000u\000i\000t\000i\000v\000e\000\040\000e\000x\000p\000l\000a\000n\000a\000t\000i\000o\000n}{section.2.1}% 17
\BOOKMARK [2][-]{subsection.2.1.3}{\376\377\0002\000.\0001\000.\0003\000\040\000P\000r\000a\000c\000t\000i\000c\000a\000l\000\040\000U\000s\000e}{section.2.1}% 18
\BOOKMARK [3][-]{section*.8}{\376\377\000C\000o\000n\000c\000l\000u\000d\000i\000n\000g\000\040\000r\000e\000m\000a\000r\000k\000s}{subsection.2.1.3}% 19
\BOOKMARK [2][-]{subsection.2.1.4}{\376\377\0002\000.\0001\000.\0004\000\040\000I\000n\000i\000t\000i\000a\000l\000\040\000t\000e\000s\000t\000s}{section.2.1}% 20
\BOOKMARK [3][-]{section*.12}{\376\377\000I\000m\000p\000a\000c\000t\000\040\000o\000f\000\040\000n\000o\000i\000s\000e}{subsection.2.1.4}% 21
\BOOKMARK [4][-]{section*.14}{\376\377\000C\000o\000n\000c\000l\000u\000d\000i\000n\000g\000\040\000r\000e\000m\000a\000r\000k\000s}{section*.12}% 22
\BOOKMARK [1][-]{section.2.2}{\376\377\0002\000.\0002\000\040\000U\000s\000i\000n\000g\000\040\000t\000h\000e\000\040\000F\000o\000u\000r\000i\000e\000r\000\040\000t\000r\000a\000n\000s\000f\000o\000r\000m\000\040\000t\000o\000\040\000p\000r\000o\000b\000e\000\040\000l\000i\000n\000e\000\040\000d\000e\000f\000o\000r\000m\000a\000t\000i\000o\000n}{chapter.2}% 23
\BOOKMARK [2][-]{subsection.2.2.1}{\376\377\0002\000.\0002\000.\0001\000\040\000T\000h\000e\000o\000r\000y}{section.2.2}% 24
\BOOKMARK [2][-]{subsection.2.2.2}{\376\377\0002\000.\0002\000.\0002\000\040\000S\000O\000A\000P\000\040\000S\000i\000m\000u\000l\000a\000t\000i\000o\000n\000s}{section.2.2}% 25
\BOOKMARK [3][-]{section*.19}{\376\377\000R\000e\000m\000a\000r\000k}{subsection.2.2.2}% 26
\BOOKMARK [2][-]{subsection.2.2.3}{\376\377\0002\000.\0002\000.\0003\000\040\000J\000i\000t\000t\000e\000r\000\040\000m\000o\000d\000e\000l}{section.2.2}% 27
\BOOKMARK [2][-]{subsection.2.2.4}{\376\377\0002\000.\0002\000.\0004\000\040\000T\000e\000s\000t\000i\000n\000g\000\040\000t\000h\000e\000\040\000r\000e\000c\000o\000v\000e\000r\000y\000\040\000o\000f\000\040\000J\000i\000t\000t\000e\000r}{section.2.2}% 28
\BOOKMARK [2][-]{subsection.2.2.5}{\376\377\0002\000.\0002\000.\0005\000\040\000E\000n\000d\000-\000t\000o\000-\000e\000n\000d\000\040\000S\000i\000m\000u\000l\000a\000t\000i\000o\000n\000s}{section.2.2}% 29
\BOOKMARK [1][-]{section.2.3}{\376\377\0002\000.\0003\000\040\000F\000o\000u\000r\000i\000e\000r\000\040\000t\000r\000a\000n\000s\000f\000o\000r\000m\000\040\000w\000i\000t\000h\000\040\000r\000e\000a\000l\000\040\000o\000b\000s\000e\000r\000v\000a\000t\000i\000o\000n\000s}{chapter.2}% 30
\BOOKMARK [2][-]{subsection.2.3.1}{\376\377\0002\000.\0003\000.\0001\000\040\000H\000D\0001\0008\0009\0007\0003\0003\000:\000\040\000R\000o\000s\000s\000i\000t\000e\000r\040\023\000M\000c\000L\000a\000u\000g\000h\000l\000i\000n\000\040\000e\000f\000f\000e\000c\000t\000\040\000a\000s\000\040\000j\000i\000t\000t\000e\000r}{section.2.3}% 31
\BOOKMARK [3][-]{section*.27}{\376\377\000R\000e\000m\000a\000r\000k\000s}{subsection.2.3.1}% 32
\BOOKMARK [2][-]{subsection.2.3.2}{\376\377\0002\000.\0003\000.\0002\000\040\000E\000x\000a\000m\000p\000l\000e\000s\000\040\0002}{section.2.3}% 33
\BOOKMARK [2][-]{subsection.2.3.3}{\376\377\0002\000.\0003\000.\0003\000\040\000E\000x\000a\000m\000p\000l\000e\000\040\0003}{section.2.3}% 34
\BOOKMARK [1][-]{section.2.4}{\376\377\0002\000.\0004\000\040\000R\000e\000f\000e\000r\000e\000n\000c\000e\000s}{chapter.2}% 35
