This is pdfTeX, Version 3.1415926-2.3-1.40.12 (MiKTeX 2.9) (preloaded format=pdflatex 2013.6.17)  20 JUL 2015 15:00
entering extended mode
**Abbreviations.tex
("D:\ownCloud\PhD-Research\Writing\PhD Thesis\ana\Sections\Abbreviations.tex"
LaTeX2e <2011/06/27>
Babel <v3.8m> and hyphenation patterns for english, afrikaans, ancientgreek, ar
abic, armenian, assamese, basque, bengali, bokmal, bulgarian, catalan, coptic, 
croatian, czech, danish, dutch, esperanto, estonian, farsi, finnish, french, ga
lician, german, german-x-2009-06-19, greek, gujarati, hindi, hungarian, iceland
ic, indonesian, interlingua, irish, italian, kannada, kurmanji, lao, latin, lat
vian, lithuanian, malayalam, marathi, mongolian, mongolianlmc, monogreek, ngerm
an, ngerman-x-2009-06-19, nynorsk, oriya, panjabi, pinyin, polish, portuguese, 
romanian, russian, sanskrit, serbian, slovak, slovenian, spanish, swedish, swis
sgerman, tamil, telugu, turkish, turkmen, ukenglish, ukrainian, uppersorbian, u
senglishmax, welsh, loaded.
! Undefined control sequence.
l.7 \setstretch
               {1.5} % Set the line spacing to 1.5, this makes the following...
The control sequence at the end of the top line
of your error message was never \def'ed. If you have
misspelled it (e.g., `\hobx'), type `I' and the correct
spelling (e.g., `I\hbox'). Otherwise just continue,
and I'll forget about whatever was undefined.


! LaTeX Error: Missing \begin{document}.

See the LaTeX manual or LaTeX Companion for explanation.
Type  H <return>  for immediate help.
 ...                                              
                                                  
l.7 \setstretch{1
                 .5} % Set the line spacing to 1.5, this makes the following...

You're in trouble here.  Try typing  <return>  to proceed.
If that doesn't work, type  X <return>  to quit.

Missing character: There is no 1 in font nullfont!
Missing character: There is no . in font nullfont!
Missing character: There is no 5 in font nullfont!

Overfull \hbox (20.0pt too wide) in paragraph at lines 7--8
[] 
 []

! Undefined control sequence.
l.9 \fancyhead
              [RO]{\emph{Abbreviations}} % right odd
The control sequence at the end of the top line
of your error message was never \def'ed. If you have
misspelled it (e.g., `\hobx'), type `I' and the correct
spelling (e.g., `I\hbox'). Otherwise just continue,
and I'll forget about whatever was undefined.


! LaTeX Error: Missing \begin{document}.

See the LaTeX manual or LaTeX Companion for explanation.
Type  H <return>  for immediate help.
 ...                                              
                                                  
l.9 \fancyhead[
               RO]{\emph{Abbreviations}} % right odd
You're in trouble here.  Try typing  <return>  to proceed.
If that doesn't work, type  X <return>  to quit.

Missing character: There is no [ in font nullfont!
Missing character: There is no R in font nullfont!
Missing character: There is no O in font nullfont!
Missing character: There is no ] in font nullfont!
! Undefined control sequence.
l.10 \listofsymbols
                   {ll} % Include a list of Abbreviations (a table of two co...
The control sequence at the end of the top line
of your error message was never \def'ed. If you have
misspelled it (e.g., `\hobx'), type `I' and the correct
spelling (e.g., `I\hbox'). Otherwise just continue,
and I'll forget about whatever was undefined.

Missing character: There is no l in font nullfont!
Missing character: There is no l in font nullfont!

Overfull \hbox (78.67178pt too wide) in paragraph at lines 9--12
[]\OT1/cmr/m/it/10 Abbreviations
 []


! LaTeX Error: Missing \begin{document}.

See the LaTeX manual or LaTeX Companion for explanation.
Type  H <return>  for immediate help.
 ...                                              
                                                  
l.16 \textbf{2D}
                 & Two-\textbf{D}imensional \\
You're in trouble here.  Try typing  <return>  to proceed.
If that doesn't work, type  X <return>  to quit.

! Misplaced alignment tab character &.
l.16 \textbf{2D} &
                   Two-\textbf{D}imensional \\
I can't figure out why you would want to use a tab mark
here. If you just want an ampersand, the remedy is
simple: Just type `I\&' now. But if some right brace
up above has ended a previous alignment prematurely,
you're probably due for more error messages, and you
might try typing `S' now just to see what is salvageable.

Missing character: There is no T in font nullfont!
Missing character: There is no w in font nullfont!
Missing character: There is no o in font nullfont!
Missing character: There is no - in font nullfont!
Missing character: There is no i in font nullfont!
Missing character: There is no m in font nullfont!
Missing character: There is no e in font nullfont!
Missing character: There is no n in font nullfont!
Missing character: There is no s in font nullfont!
Missing character: There is no i in font nullfont!
Missing character: There is no o in font nullfont!
Missing character: There is no n in font nullfont!
Missing character: There is no a in font nullfont!
Missing character: There is no l in font nullfont!
! Misplaced alignment tab character &.
l.17 \textbf{3D} &
                   Three-\textbf{D}imensional \\
I can't figure out why you would want to use a tab mark
here. If you just want an ampersand, the remedy is
simple: Just type `I\&' now. But if some right brace
up above has ended a previous alignment prematurely,
you're probably due for more error messages, and you
might try typing `S' now just to see what is salvageable.

Missing character: There is no T in font nullfont!
Missing character: There is no h in font nullfont!
Missing character: There is no r in font nullfont!
Missing character: There is no e in font nullfont!
Missing character: There is no e in font nullfont!
Missing character: There is no - in font nullfont!
Missing character: There is no i in font nullfont!
Missing character: There is no m in font nullfont!
Missing character: There is no e in font nullfont!
Missing character: There is no n in font nullfont!
Missing character: There is no s in font nullfont!
Missing character: There is no i in font nullfont!
Missing character: There is no o in font nullfont!
Missing character: There is no n in font nullfont!
Missing character: There is no a in font nullfont!
Missing character: There is no l in font nullfont!
! Misplaced alignment tab character &.
l.18 \textbf{AOD} &
                    \textbf{A}cousto-\textbf{O}ptic \textbf{D}eflector \\
I can't figure out why you would want to use a tab mark
here. If you just want an ampersand, the remedy is
simple: Just type `I\&' now. But if some right brace
up above has ended a previous alignment prematurely,
you're probably due for more error messages, and you
might try typing `S' now just to see what is salvageable.

Missing character: There is no c in font nullfont!
Missing character: There is no o in font nullfont!
Missing character: There is no u in font nullfont!
Missing character: There is no s in font nullfont!
Missing character: There is no t in font nullfont!
Missing character: There is no o in font nullfont!
Missing character: There is no - in font nullfont!
Missing character: There is no p in font nullfont!
Missing character: There is no t in font nullfont!
Missing character: There is no i in font nullfont!
Missing character: There is no c in font nullfont!
Missing character: There is no e in font nullfont!
Missing character: There is no f in font nullfont!
Missing character: There is no l in font nullfont!
Missing character: There is no e in font nullfont!
Missing character: There is no c in font nullfont!
Missing character: There is no t in font nullfont!
Missing character: There is no o in font nullfont!
Missing character: There is no r in font nullfont!
! Misplaced alignment tab character &.
l.19 \textbf{Au} &
                   Gold (from Latin ``\textbf{Au}rum") \\
I can't figure out why you would want to use a tab mark
here. If you just want an ampersand, the remedy is
simple: Just type `I\&' now. But if some right brace
up above has ended a previous alignment prematurely,
you're probably due for more error messages, and you
might try typing `S' now just to see what is salvageable.

Missing character: There is no G in font nullfont!
Missing character: There is no o in font nullfont!
Missing character: There is no l in font nullfont!
Missing character: There is no d in font nullfont!
Missing character: There is no ( in font nullfont!
Missing character: There is no f in font nullfont!
Missing character: There is no r in font nullfont!
Missing character: There is no o in font nullfont!
Missing character: There is no m in font nullfont!
Missing character: There is no L in font nullfont!
Missing character: There is no a in font nullfont!
Missing character: There is no t in font nullfont!
Missing character: There is no i in font nullfont!
Missing character: There is no n in font nullfont!
Missing character: There is no ` in font nullfont!
Missing character: There is no ` in font nullfont!
Missing character: There is no r in font nullfont!
Missing character: There is no u in font nullfont!
Missing character: There is no m in font nullfont!
Missing character: There is no " in font nullfont!
Missing character: There is no ) in font nullfont!
! Misplaced alignment tab character &.
l.20 \textbf{BF} &
                   \textbf{B}right \textbf{F}ield \\
I can't figure out why you would want to use a tab mark
here. If you just want an ampersand, the remedy is
simple: Just type `I\&' now. But if some right brace
up above has ended a previous alignment prematurely,
you're probably due for more error messages, and you
might try typing `S' now just to see what is salvageable.

Missing character: There is no r in font nullfont!
Missing character: There is no i in font nullfont!
Missing character: There is no g in font nullfont!
Missing character: There is no h in font nullfont!
Missing character: There is no t in font nullfont!
Missing character: There is no i in font nullfont!
Missing character: There is no e in font nullfont!
Missing character: There is no l in font nullfont!
Missing character: There is no d in font nullfont!
! Misplaced alignment tab character &.
l.21 \textbf{BFP} &
                    \textbf{B}ack \textbf{F}ocal \textbf{P}lane \\
I can't figure out why you would want to use a tab mark
here. If you just want an ampersand, the remedy is
simple: Just type `I\&' now. But if some right brace
up above has ended a previous alignment prematurely,
you're probably due for more error messages, and you
might try typing `S' now just to see what is salvageable.

Missing character: There is no a in font nullfont!
Missing character: There is no c in font nullfont!
Missing character: There is no k in font nullfont!
Missing character: There is no o in font nullfont!
Missing character: There is no c in font nullfont!
Missing character: There is no a in font nullfont!
Missing character: There is no l in font nullfont!
Missing character: There is no l in font nullfont!
Missing character: There is no a in font nullfont!
Missing character: There is no n in font nullfont!
Missing character: There is no e in font nullfont!
! Misplaced alignment tab character &.
l.22 \textbf{BFPI} &
                     \textbf{B}ack \textbf{F}ocal \textbf{P}lane \textbf{I}n...
I can't figure out why you would want to use a tab mark
here. If you just want an ampersand, the remedy is
simple: Just type `I\&' now. But if some right brace
up above has ended a previous alignment prematurely,
you're probably due for more error messages, and you
might try typing `S' now just to see what is salvageable.

Missing character: There is no a in font nullfont!
Missing character: There is no c in font nullfont!
Missing character: There is no k in font nullfont!
Missing character: There is no o in font nullfont!
Missing character: There is no c in font nullfont!
Missing character: There is no a in font nullfont!
Missing character: There is no l in font nullfont!
Missing character: There is no l in font nullfont!
Missing character: There is no a in font nullfont!
Missing character: There is no n in font nullfont!
Missing character: There is no e in font nullfont!
Missing character: There is no n in font nullfont!
Missing character: There is no t in font nullfont!
Missing character: There is no e in font nullfont!
Missing character: There is no r in font nullfont!
Missing character: There is no f in font nullfont!
Missing character: There is no e in font nullfont!
Missing character: There is no r in font nullfont!
Missing character: There is no o in font nullfont!
Missing character: There is no m in font nullfont!
Missing character: There is no e in font nullfont!
Missing character: There is no t in font nullfont!
Missing character: There is no r in font nullfont!
Missing character: There is no y in font nullfont!
! Misplaced alignment tab character &.
l.23 \textbf{CCD} &
                    \textbf{C}harge \textbf{C}oupled \textbf{D}evice \\
I can't figure out why you would want to use a tab mark
here. If you just want an ampersand, the remedy is
simple: Just type `I\&' now. But if some right brace
up above has ended a previous alignment prematurely,
you're probably due for more error messages, and you
might try typing `S' now just to see what is salvageable.

Missing character: There is no h in font nullfont!
Missing character: There is no a in font nullfont!
Missing character: There is no r in font nullfont!
Missing character: There is no g in font nullfont!
Missing character: There is no e in font nullfont!
Missing character: There is no o in font nullfont!
Missing character: There is no u in font nullfont!
Missing character: There is no p in font nullfont!
Missing character: There is no l in font nullfont!
Missing character: There is no e in font nullfont!
Missing character: There is no d in font nullfont!
Missing character: There is no e in font nullfont!
Missing character: There is no v in font nullfont!
Missing character: There is no i in font nullfont!
Missing character: There is no c in font nullfont!
Missing character: There is no e in font nullfont!
! Misplaced alignment tab character &.
l.24 \textbf{DDA} &
                    \textbf{D}iscrete \textbf{D}ipole \textbf{A}pproximation \\
I can't figure out why you would want to use a tab mark
here. If you just want an ampersand, the remedy is
simple: Just type `I\&' now. But if some right brace
up above has ended a previous alignment prematurely,
you're probably due for more error messages, and you
might try typing `S' now just to see what is salvageable.

Missing character: There is no i in font nullfont!
Missing character: There is no s in font nullfont!
Missing character: There is no c in font nullfont!
Missing character: There is no r in font nullfont!
Missing character: There is no e in font nullfont!
Missing character: There is no t in font nullfont!
Missing character: There is no e in font nullfont!
Missing character: There is no i in font nullfont!
Missing character: There is no p in font nullfont!
Missing character: There is no o in font nullfont!
Missing character: There is no l in font nullfont!
Missing character: There is no e in font nullfont!
Missing character: There is no p in font nullfont!
Missing character: There is no p in font nullfont!
Missing character: There is no r in font nullfont!
Missing character: There is no o in font nullfont!
Missing character: There is no x in font nullfont!
Missing character: There is no i in font nullfont!
Missing character: There is no m in font nullfont!
Missing character: There is no a in font nullfont!
Missing character: There is no t in font nullfont!
Missing character: There is no i in font nullfont!
Missing character: There is no o in font nullfont!
Missing character: There is no n in font nullfont!
! Misplaced alignment tab character &.
l.26 \textbf{DF} &
                   \textbf{D}ark \textbf{F}ield \\
I can't figure out why you would want to use a tab mark
here. If you just want an ampersand, the remedy is
simple: Just type `I\&' now. But if some right brace
up above has ended a previous alignment prematurely,
you're probably due for more error messages, and you
might try typing `S' now just to see what is salvageable.

Missing character: There is no a in font nullfont!
Missing character: There is no r in font nullfont!
Missing character: There is no k in font nullfont!
Missing character: There is no i in font nullfont!
Missing character: There is no e in font nullfont!
Missing character: There is no l in font nullfont!
Missing character: There is no d in font nullfont!
! Misplaced alignment tab character &.
l.27 \textbf{DFS} &
                    \textbf{D}igital \textbf{F}requency \textbf{S}ynthesizer \\
I can't figure out why you would want to use a tab mark
here. If you just want an ampersand, the remedy is
simple: Just type `I\&' now. But if some right brace
up above has ended a previous alignment prematurely,
you're probably due for more error messages, and you
might try typing `S' now just to see what is salvageable.

Missing character: There is no i in font nullfont!
Missing character: There is no g in font nullfont!
Missing character: There is no i in font nullfont!
Missing character: There is no t in font nullfont!
Missing character: There is no a in font nullfont!
Missing character: There is no l in font nullfont!
Missing character: There is no r in font nullfont!
Missing character: There is no e in font nullfont!
Missing character: There is no q in font nullfont!
Missing character: There is no u in font nullfont!
Missing character: There is no e in font nullfont!
Missing character: There is no n in font nullfont!
Missing character: There is no c in font nullfont!
Missing character: There is no y in font nullfont!
Missing character: There is no y in font nullfont!
Missing character: There is no n in font nullfont!
Missing character: There is no t in font nullfont!
Missing character: There is no h in font nullfont!
Missing character: There is no e in font nullfont!
Missing character: There is no s in font nullfont!
Missing character: There is no i in font nullfont!
Missing character: There is no z in font nullfont!
Missing character: There is no e in font nullfont!
Missing character: There is no r in font nullfont!
! Misplaced alignment tab character &.
l.28 \textbf{DOF} &
                    \textbf{D}epth \textbf{O}f \textbf{F}ocus \\
I can't figure out why you would want to use a tab mark
here. If you just want an ampersand, the remedy is
simple: Just type `I\&' now. But if some right brace
up above has ended a previous alignment prematurely,
you're probably due for more error messages, and you
might try typing `S' now just to see what is salvageable.

Missing character: There is no e in font nullfont!
Missing character: There is no p in font nullfont!
Missing character: There is no t in font nullfont!
Missing character: There is no h in font nullfont!
Missing character: There is no f in font nullfont!
Missing character: There is no o in font nullfont!
Missing character: There is no c in font nullfont!
Missing character: There is no u in font nullfont!
Missing character: There is no s in font nullfont!
! Misplaced alignment tab character &.
l.29 \textbf{FFT} &
                    \textbf{F}ast \textbf{F}ourier \textbf{T}ransform \\
I can't figure out why you would want to use a tab mark
here. If you just want an ampersand, the remedy is
simple: Just type `I\&' now. But if some right brace
up above has ended a previous alignment prematurely,
you're probably due for more error messages, and you
might try typing `S' now just to see what is salvageable.

Missing character: There is no a in font nullfont!
Missing character: There is no s in font nullfont!
Missing character: There is no t in font nullfont!
Missing character: There is no o in font nullfont!
Missing character: There is no u in font nullfont!
Missing character: There is no r in font nullfont!
Missing character: There is no i in font nullfont!
Missing character: There is no e in font nullfont!
Missing character: There is no r in font nullfont!
Missing character: There is no r in font nullfont!
Missing character: There is no a in font nullfont!
Missing character: There is no n in font nullfont!
Missing character: There is no s in font nullfont!
Missing character: There is no f in font nullfont!
Missing character: There is no o in font nullfont!
Missing character: There is no r in font nullfont!
Missing character: There is no m in font nullfont!
! Misplaced alignment tab character &.
l.30 \textbf{FPGA} &
                     \textbf{F}ield \textbf{P}rogrammable \textbf{G}ate \tex...
I can't figure out why you would want to use a tab mark
here. If you just want an ampersand, the remedy is
simple: Just type `I\&' now. But if some right brace
up above has ended a previous alignment prematurely,
you're probably due for more error messages, and you
might try typing `S' now just to see what is salvageable.

Missing character: There is no i in font nullfont!
Missing character: There is no e in font nullfont!
Missing character: There is no l in font nullfont!
Missing character: There is no d in font nullfont!
Missing character: There is no r in font nullfont!
Missing character: There is no o in font nullfont!
Missing character: There is no g in font nullfont!
Missing character: There is no r in font nullfont!
Missing character: There is no a in font nullfont!
Missing character: There is no m in font nullfont!
Missing character: There is no m in font nullfont!
Missing character: There is no a in font nullfont!
Missing character: There is no b in font nullfont!
Missing character: There is no l in font nullfont!
Missing character: There is no e in font nullfont!
Missing character: There is no a in font nullfont!
Missing character: There is no t in font nullfont!
Missing character: There is no e in font nullfont!
Missing character: There is no r in font nullfont!
Missing character: There is no r in font nullfont!
Missing character: There is no a in font nullfont!
Missing character: There is no y in font nullfont!
! Misplaced alignment tab character &.
l.31 \textbf{LSP} &
                    \textbf{L}ocalised \textbf{S}urface \textbf{P}lasmon \\
I can't figure out why you would want to use a tab mark
here. If you just want an ampersand, the remedy is
simple: Just type `I\&' now. But if some right brace
up above has ended a previous alignment prematurely,
you're probably due for more error messages, and you
might try typing `S' now just to see what is salvageable.

Missing character: There is no o in font nullfont!
Missing character: There is no c in font nullfont!
Missing character: There is no a in font nullfont!
Missing character: There is no l in font nullfont!
Missing character: There is no i in font nullfont!
Missing character: There is no s in font nullfont!
Missing character: There is no e in font nullfont!
Missing character: There is no d in font nullfont!
Missing character: There is no u in font nullfont!
Missing character: There is no r in font nullfont!
Missing character: There is no f in font nullfont!
Missing character: There is no a in font nullfont!
Missing character: There is no c in font nullfont!
Missing character: There is no e in font nullfont!
Missing character: There is no l in font nullfont!
Missing character: There is no a in font nullfont!
Missing character: There is no s in font nullfont!
Missing character: There is no m in font nullfont!
Missing character: There is no o in font nullfont!
Missing character: There is no n in font nullfont!
! Misplaced alignment tab character &.
l.32 \textbf{LSPR} &
                     \textbf{L}ocalised \textbf{S}urface \textbf{P}lasmon \t...
I can't figure out why you would want to use a tab mark
here. If you just want an ampersand, the remedy is
simple: Just type `I\&' now. But if some right brace
up above has ended a previous alignment prematurely,
you're probably due for more error messages, and you
might try typing `S' now just to see what is salvageable.

Missing character: There is no o in font nullfont!
Missing character: There is no c in font nullfont!
Missing character: There is no a in font nullfont!
Missing character: There is no l in font nullfont!
Missing character: There is no i in font nullfont!
Missing character: There is no s in font nullfont!
Missing character: There is no e in font nullfont!
Missing character: There is no d in font nullfont!
Missing character: There is no u in font nullfont!
Missing character: There is no r in font nullfont!
Missing character: There is no f in font nullfont!
Missing character: There is no a in font nullfont!
Missing character: There is no c in font nullfont!
Missing character: There is no e in font nullfont!
Missing character: There is no l in font nullfont!
Missing character: There is no a in font nullfont!
Missing character: There is no s in font nullfont!
Missing character: There is no m in font nullfont!
Missing character: There is no o in font nullfont!
Missing character: There is no n in font nullfont!
Missing character: There is no e in font nullfont!
Missing character: There is no s in font nullfont!
Missing character: There is no o in font nullfont!
Missing character: There is no n in font nullfont!
Missing character: There is no a in font nullfont!
Missing character: There is no n in font nullfont!
Missing character: There is no c in font nullfont!
Missing character: There is no e in font nullfont!
! Misplaced alignment tab character &.
l.33 \textbf{NA} &
                   \textbf{N}umerical \textbf{A}perture \\
I can't figure out why you would want to use a tab mark
here. If you just want an ampersand, the remedy is
simple: Just type `I\&' now. But if some right brace
up above has ended a previous alignment prematurely,
you're probably due for more error messages, and you
might try typing `S' now just to see what is salvageable.

Missing character: There is no u in font nullfont!
Missing character: There is no m in font nullfont!
Missing character: There is no e in font nullfont!
Missing character: There is no r in font nullfont!
Missing character: There is no i in font nullfont!
Missing character: There is no c in font nullfont!
Missing character: There is no a in font nullfont!
Missing character: There is no l in font nullfont!
Missing character: There is no p in font nullfont!
Missing character: There is no e in font nullfont!
Missing character: There is no r in font nullfont!
Missing character: There is no t in font nullfont!
Missing character: There is no u in font nullfont!
Missing character: There is no r in font nullfont!
Missing character: There is no e in font nullfont!
! Misplaced alignment tab character &.
l.34 \textbf{NP} &
                   \textbf{N}ano\textbf{p}article \\
I can't figure out why you would want to use a tab mark
here. If you just want an ampersand, the remedy is
simple: Just type `I\&' now. But if some right brace
up above has ended a previous alignment prematurely,
you're probably due for more error messages, and you
might try typing `S' now just to see what is salvageable.

Missing character: There is no a in font nullfont!
Missing character: There is no n in font nullfont!
Missing character: There is no o in font nullfont!
Missing character: There is no a in font nullfont!
Missing character: There is no r in font nullfont!
Missing character: There is no t in font nullfont!
Missing character: There is no i in font nullfont!
Missing character: There is no c in font nullfont!
Missing character: There is no l in font nullfont!
Missing character: There is no e in font nullfont!
! Misplaced alignment tab character &.
l.35 \textbf{NR} &
                   \textbf{N}ano\textbf{r}od \\
I can't figure out why you would want to use a tab mark
here. If you just want an ampersand, the remedy is
simple: Just type `I\&' now. But if some right brace
up above has ended a previous alignment prematurely,
you're probably due for more error messages, and you
might try typing `S' now just to see what is salvageable.

Missing character: There is no a in font nullfont!
Missing character: There is no n in font nullfont!
Missing character: There is no o in font nullfont!
Missing character: There is no o in font nullfont!
Missing character: There is no d in font nullfont!
! Misplaced alignment tab character &.
l.36 \textbf{PMT} &
                    \textbf{P}hoto \textbf{M}ultiplier \textbf{T}ube \\
I can't figure out why you would want to use a tab mark
here. If you just want an ampersand, the remedy is
simple: Just type `I\&' now. But if some right brace
up above has ended a previous alignment prematurely,
you're probably due for more error messages, and you
might try typing `S' now just to see what is salvageable.

Missing character: There is no h in font nullfont!
Missing character: There is no o in font nullfont!
Missing character: There is no t in font nullfont!
Missing character: There is no o in font nullfont!
Missing character: There is no u in font nullfont!
Missing character: There is no l in font nullfont!
Missing character: There is no t in font nullfont!
Missing character: There is no i in font nullfont!
Missing character: There is no p in font nullfont!
Missing character: There is no l in font nullfont!
Missing character: There is no i in font nullfont!
Missing character: There is no e in font nullfont!
Missing character: There is no r in font nullfont!
Missing character: There is no u in font nullfont!
Missing character: There is no b in font nullfont!
Missing character: There is no e in font nullfont!
! Misplaced alignment tab character &.
l.37 \textbf{PSD} &
                    \textbf{P}osition \textbf{S}ensitive \textbf{D}etector \\
I can't figure out why you would want to use a tab mark
here. If you just want an ampersand, the remedy is
simple: Just type `I\&' now. But if some right brace
up above has ended a previous alignment prematurely,
you're probably due for more error messages, and you
might try typing `S' now just to see what is salvageable.

Missing character: There is no o in font nullfont!
Missing character: There is no s in font nullfont!
Missing character: There is no i in font nullfont!
Missing character: There is no t in font nullfont!
Missing character: There is no i in font nullfont!
Missing character: There is no o in font nullfont!
Missing character: There is no n in font nullfont!
Missing character: There is no e in font nullfont!
Missing character: There is no n in font nullfont!
Missing character: There is no s in font nullfont!
Missing character: There is no i in font nullfont!
Missing character: There is no t in font nullfont!
Missing character: There is no i in font nullfont!
Missing character: There is no v in font nullfont!
Missing character: There is no e in font nullfont!
Missing character: There is no e in font nullfont!
Missing character: There is no t in font nullfont!
Missing character: There is no e in font nullfont!
Missing character: There is no c in font nullfont!
Missing character: There is no t in font nullfont!
Missing character: There is no o in font nullfont!
Missing character: There is no r in font nullfont!
! Misplaced alignment tab character &.
l.38 \textbf{QPD} &
                    \textbf{Q}uadrant \textbf{P}hoto \textbf{D}iode \\
I can't figure out why you would want to use a tab mark
here. If you just want an ampersand, the remedy is
simple: Just type `I\&' now. But if some right brace
up above has ended a previous alignment prematurely,
you're probably due for more error messages, and you
might try typing `S' now just to see what is salvageable.

Missing character: There is no u in font nullfont!
Missing character: There is no a in font nullfont!
Missing character: There is no d in font nullfont!
Missing character: There is no r in font nullfont!
Missing character: There is no a in font nullfont!
Missing character: There is no n in font nullfont!
Missing character: There is no t in font nullfont!
Missing character: There is no h in font nullfont!
Missing character: There is no o in font nullfont!
Missing character: There is no t in font nullfont!
Missing character: There is no o in font nullfont!
Missing character: There is no i in font nullfont!
Missing character: There is no o in font nullfont!
Missing character: There is no d in font nullfont!
Missing character: There is no e in font nullfont!
! Misplaced alignment tab character &.
l.39 \textbf{SEM} &
                    \textbf{S}canning \textbf{E}lectron \textbf{M}icroscopy \\
I can't figure out why you would want to use a tab mark
here. If you just want an ampersand, the remedy is
simple: Just type `I\&' now. But if some right brace
up above has ended a previous alignment prematurely,
you're probably due for more error messages, and you
might try typing `S' now just to see what is salvageable.

Missing character: There is no c in font nullfont!
Missing character: There is no a in font nullfont!
Missing character: There is no n in font nullfont!
Missing character: There is no n in font nullfont!
Missing character: There is no i in font nullfont!
Missing character: There is no n in font nullfont!
Missing character: There is no g in font nullfont!
Missing character: There is no l in font nullfont!
Missing character: There is no e in font nullfont!
Missing character: There is no c in font nullfont!
Missing character: There is no t in font nullfont!
Missing character: There is no r in font nullfont!
Missing character: There is no o in font nullfont!
Missing character: There is no n in font nullfont!
Missing character: There is no i in font nullfont!
Missing character: There is no c in font nullfont!
Missing character: There is no r in font nullfont!
Missing character: There is no o in font nullfont!
Missing character: There is no s in font nullfont!
Missing character: There is no c in font nullfont!
Missing character: There is no o in font nullfont!
Missing character: There is no p in font nullfont!
Missing character: There is no y in font nullfont!
! Misplaced alignment tab character &.
l.40 \textbf{Si} &
                    \textbf{Si}licon \\
I can't figure out why you would want to use a tab mark
here. If you just want an ampersand, the remedy is
simple: Just type `I\&' now. But if some right brace
up above has ended a previous alignment prematurely,
you're probably due for more error messages, and you
might try typing `S' now just to see what is salvageable.

Missing character: There is no l in font nullfont!
Missing character: There is no i in font nullfont!
Missing character: There is no c in font nullfont!
Missing character: There is no o in font nullfont!
Missing character: There is no n in font nullfont!
! Misplaced alignment tab character &.
l.41 \textbf{SLM} &
                    \textbf{S}patial \textbf{L}ight \textbf{M}odulator \\
I can't figure out why you would want to use a tab mark
here. If you just want an ampersand, the remedy is
simple: Just type `I\&' now. But if some right brace
up above has ended a previous alignment prematurely,
you're probably due for more error messages, and you
might try typing `S' now just to see what is salvageable.

Missing character: There is no p in font nullfont!
Missing character: There is no a in font nullfont!
Missing character: There is no t in font nullfont!
Missing character: There is no i in font nullfont!
Missing character: There is no a in font nullfont!
Missing character: There is no l in font nullfont!
Missing character: There is no i in font nullfont!
Missing character: There is no g in font nullfont!
Missing character: There is no h in font nullfont!
Missing character: There is no t in font nullfont!
Missing character: There is no o in font nullfont!
Missing character: There is no d in font nullfont!
Missing character: There is no u in font nullfont!
Missing character: There is no l in font nullfont!
Missing character: There is no a in font nullfont!
Missing character: There is no t in font nullfont!
Missing character: There is no o in font nullfont!
Missing character: There is no r in font nullfont!
! Misplaced alignment tab character &.
l.42 \textbf{SR} &
                   \textbf{S}ystem \textbf{R}esponse \\
I can't figure out why you would want to use a tab mark
here. If you just want an ampersand, the remedy is
simple: Just type `I\&' now. But if some right brace
up above has ended a previous alignment prematurely,
you're probably due for more error messages, and you
might try typing `S' now just to see what is salvageable.

Missing character: There is no y in font nullfont!
Missing character: There is no s in font nullfont!
Missing character: There is no t in font nullfont!
Missing character: There is no e in font nullfont!
Missing character: There is no m in font nullfont!
Missing character: There is no e in font nullfont!
Missing character: There is no s in font nullfont!
Missing character: There is no p in font nullfont!
Missing character: There is no o in font nullfont!
Missing character: There is no n in font nullfont!
Missing character: There is no s in font nullfont!
Missing character: There is no e in font nullfont!
! Misplaced alignment tab character &.
l.43 \textbf{TEM} &
                    \textbf{T}ransmission \textbf{E}lectron \textbf{M}icrosc...
I can't figure out why you would want to use a tab mark
here. If you just want an ampersand, the remedy is
simple: Just type `I\&' now. But if some right brace
up above has ended a previous alignment prematurely,
you're probably due for more error messages, and you
might try typing `S' now just to see what is salvageable.

Missing character: There is no r in font nullfont!
Missing character: There is no a in font nullfont!
Missing character: There is no n in font nullfont!
Missing character: There is no s in font nullfont!
Missing character: There is no m in font nullfont!
Missing character: There is no i in font nullfont!
Missing character: There is no s in font nullfont!
Missing character: There is no s in font nullfont!
Missing character: There is no i in font nullfont!
Missing character: There is no o in font nullfont!
Missing character: There is no n in font nullfont!
Missing character: There is no l in font nullfont!
Missing character: There is no e in font nullfont!
Missing character: There is no c in font nullfont!
Missing character: There is no t in font nullfont!
Missing character: There is no r in font nullfont!
Missing character: There is no o in font nullfont!
Missing character: There is no n in font nullfont!
Missing character: There is no i in font nullfont!
Missing character: There is no c in font nullfont!
Missing character: There is no r in font nullfont!
Missing character: There is no o in font nullfont!
Missing character: There is no s in font nullfont!
Missing character: There is no c in font nullfont!
Missing character: There is no o in font nullfont!
Missing character: There is no p in font nullfont!
Missing character: There is no y in font nullfont!

Overfull \hbox (34.56937pt too wide) in paragraph at lines 16--44
[]\OT1/cmr/bx/n/10 2D
 []


Overfull \hbox (8.8194pt too wide) in paragraph at lines 16--44
\OT1/cmr/bx/n/10 D 
 []


Overfull \hbox (14.56937pt too wide) in paragraph at lines 16--44
\OT1/cmr/bx/n/10 3D
 []


Overfull \hbox (8.8194pt too wide) in paragraph at lines 16--44
\OT1/cmr/bx/n/10 D 
 []


Overfull \hbox (25.83319pt too wide) in paragraph at lines 16--44
\OT1/cmr/bx/n/10 AOD
 []


Overfull \hbox (17.33324pt too wide) in paragraph at lines 16--44
\OT1/cmr/bx/n/10 AO
 []


Overfull \hbox (8.8194pt too wide) in paragraph at lines 16--44
\OT1/cmr/bx/n/10 D 
 []


Overfull \hbox (15.08325pt too wide) in paragraph at lines 16--44
\OT1/cmr/bx/n/10 Au
 []


Overfull \hbox (15.08325pt too wide) in paragraph at lines 16--44
\OT1/cmr/bx/n/10 Au 
 []


Overfull \hbox (15.41658pt too wide) in paragraph at lines 16--44
\OT1/cmr/bx/n/10 BF
 []


Overfull \hbox (8.18051pt too wide) in paragraph at lines 16--44
\OT1/cmr/bx/n/10 B
 []


Overfull \hbox (7.23607pt too wide) in paragraph at lines 16--44
\OT1/cmr/bx/n/10 F 
 []


Overfull \hbox (23.27765pt too wide) in paragraph at lines 16--44
\OT1/cmr/bx/n/10 BFP
 []


Overfull \hbox (8.18051pt too wide) in paragraph at lines 16--44
\OT1/cmr/bx/n/10 B
 []


Overfull \hbox (7.23607pt too wide) in paragraph at lines 16--44
\OT1/cmr/bx/n/10 F
 []


Overfull \hbox (7.86107pt too wide) in paragraph at lines 16--44
\OT1/cmr/bx/n/10 P 
 []


Overfull \hbox (27.63873pt too wide) in paragraph at lines 16--44
\OT1/cmr/bx/n/10 BFPI
 []


Overfull \hbox (8.18051pt too wide) in paragraph at lines 16--44
\OT1/cmr/bx/n/10 B
 []


Overfull \hbox (7.23607pt too wide) in paragraph at lines 16--44
\OT1/cmr/bx/n/10 F
 []


Overfull \hbox (7.86107pt too wide) in paragraph at lines 16--44
\OT1/cmr/bx/n/10 P
 []


Overfull \hbox (4.36108pt too wide) in paragraph at lines 16--44
\OT1/cmr/bx/n/10 I 
 []


Overfull \hbox (25.43042pt too wide) in paragraph at lines 16--44
\OT1/cmr/bx/n/10 CCD
 []


Overfull \hbox (8.30551pt too wide) in paragraph at lines 16--44
\OT1/cmr/bx/n/10 C
 []


Overfull \hbox (8.30551pt too wide) in paragraph at lines 16--44
\OT1/cmr/bx/n/10 C
 []


Overfull \hbox (8.8194pt too wide) in paragraph at lines 16--44
\OT1/cmr/bx/n/10 D 
 []


Overfull \hbox (26.01375pt too wide) in paragraph at lines 16--44
\OT1/cmr/bx/n/10 DDA
 []


Overfull \hbox (8.8194pt too wide) in paragraph at lines 16--44
\OT1/cmr/bx/n/10 D
 []


Overfull \hbox (8.8194pt too wide) in paragraph at lines 16--44
\OT1/cmr/bx/n/10 D
 []


Overfull \hbox (8.6944pt too wide) in paragraph at lines 16--44
\OT1/cmr/bx/n/10 A 
 []


Overfull \hbox (16.05547pt too wide) in paragraph at lines 16--44
\OT1/cmr/bx/n/10 DF
 []


Overfull \hbox (8.8194pt too wide) in paragraph at lines 16--44
\OT1/cmr/bx/n/10 D
 []


Overfull \hbox (7.23607pt too wide) in paragraph at lines 16--44
\OT1/cmr/bx/n/10 F 
 []


Overfull \hbox (22.44432pt too wide) in paragraph at lines 16--44
\OT1/cmr/bx/n/10 DFS
 []


Overfull \hbox (8.8194pt too wide) in paragraph at lines 16--44
\OT1/cmr/bx/n/10 D
 []


Overfull \hbox (7.23607pt too wide) in paragraph at lines 16--44
\OT1/cmr/bx/n/10 F
 []


Overfull \hbox (6.38885pt too wide) in paragraph at lines 16--44
\OT1/cmr/bx/n/10 S 
 []


Overfull \hbox (24.6943pt too wide) in paragraph at lines 16--44
\OT1/cmr/bx/n/10 DOF
 []


Overfull \hbox (8.8194pt too wide) in paragraph at lines 16--44
\OT1/cmr/bx/n/10 D
 []


Overfull \hbox (8.63884pt too wide) in paragraph at lines 16--44
\OT1/cmr/bx/n/10 O
 []


Overfull \hbox (7.23607pt too wide) in paragraph at lines 16--44
\OT1/cmr/bx/n/10 F 
 []


Overfull \hbox (22.47209pt too wide) in paragraph at lines 16--44
\OT1/cmr/bx/n/10 FFT
 []


Overfull \hbox (7.23607pt too wide) in paragraph at lines 16--44
\OT1/cmr/bx/n/10 F
 []


Overfull \hbox (7.23607pt too wide) in paragraph at lines 16--44
\OT1/cmr/bx/n/10 F
 []


Overfull \hbox (7.99995pt too wide) in paragraph at lines 16--44
\OT1/cmr/bx/n/10 T 
 []


Overfull \hbox (32.83315pt too wide) in paragraph at lines 16--44
\OT1/cmr/bx/n/10 FPGA
 []


Overfull \hbox (7.23607pt too wide) in paragraph at lines 16--44
\OT1/cmr/bx/n/10 F
 []


Overfull \hbox (7.86107pt too wide) in paragraph at lines 16--44
\OT1/cmr/bx/n/10 P
 []


Overfull \hbox (9.04161pt too wide) in paragraph at lines 16--44
\OT1/cmr/bx/n/10 G
 []


Overfull \hbox (8.6944pt too wide) in paragraph at lines 16--44
\OT1/cmr/bx/n/10 A 
 []


Overfull \hbox (21.16655pt too wide) in paragraph at lines 16--44
\OT1/cmr/bx/n/10 LSP
 []


Overfull \hbox (6.91663pt too wide) in paragraph at lines 16--44
\OT1/cmr/bx/n/10 L
 []


Overfull \hbox (6.38885pt too wide) in paragraph at lines 16--44
\OT1/cmr/bx/n/10 S
 []


Overfull \hbox (7.86107pt too wide) in paragraph at lines 16--44
\OT1/cmr/bx/n/10 P 
 []


Overfull \hbox (29.7915pt too wide) in paragraph at lines 16--44
\OT1/cmr/bx/n/10 LSPR
 []


Overfull \hbox (6.91663pt too wide) in paragraph at lines 16--44
\OT1/cmr/bx/n/10 L
 []


Overfull \hbox (6.38885pt too wide) in paragraph at lines 16--44
\OT1/cmr/bx/n/10 S
 []


Overfull \hbox (7.86107pt too wide) in paragraph at lines 16--44
\OT1/cmr/bx/n/10 P
 []


Overfull \hbox (8.62495pt too wide) in paragraph at lines 16--44
\OT1/cmr/bx/n/10 R 
 []


Overfull \hbox (17.69435pt too wide) in paragraph at lines 16--44
\OT1/cmr/bx/n/10 NA
 []


Overfull \hbox (8.99995pt too wide) in paragraph at lines 16--44
\OT1/cmr/bx/n/10 N
 []


Overfull \hbox (8.6944pt too wide) in paragraph at lines 16--44
\OT1/cmr/bx/n/10 A 
 []


Overfull \hbox (16.86102pt too wide) in paragraph at lines 16--44
\OT1/cmr/bx/n/10 NP
 []


Overfull \hbox (15.38881pt too wide) in paragraph at lines 16--44
\OT1/cmr/bx/n/10 Np 
 []


Overfull \hbox (17.62491pt too wide) in paragraph at lines 16--44
\OT1/cmr/bx/n/10 NR
 []


Overfull \hbox (13.73605pt too wide) in paragraph at lines 16--44
\OT1/cmr/bx/n/10 Nr 
 []


Overfull \hbox (26.77763pt too wide) in paragraph at lines 16--44
\OT1/cmr/bx/n/10 PMT
 []


Overfull \hbox (7.86107pt too wide) in paragraph at lines 16--44
\OT1/cmr/bx/n/10 P
 []


Overfull \hbox (10.91661pt too wide) in paragraph at lines 16--44
\OT1/cmr/bx/n/10 M
 []


Overfull \hbox (7.99995pt too wide) in paragraph at lines 16--44
\OT1/cmr/bx/n/10 T 
 []


Overfull \hbox (23.06932pt too wide) in paragraph at lines 16--44
\OT1/cmr/bx/n/10 PSD
 []


Overfull \hbox (7.86107pt too wide) in paragraph at lines 16--44
\OT1/cmr/bx/n/10 P
 []


Overfull \hbox (6.38885pt too wide) in paragraph at lines 16--44
\OT1/cmr/bx/n/10 S
 []


Overfull \hbox (8.8194pt too wide) in paragraph at lines 16--44
\OT1/cmr/bx/n/10 D 
 []


Overfull \hbox (25.3193pt too wide) in paragraph at lines 16--44
\OT1/cmr/bx/n/10 QPD
 []


Overfull \hbox (8.63884pt too wide) in paragraph at lines 16--44
\OT1/cmr/bx/n/10 Q
 []


Overfull \hbox (7.86107pt too wide) in paragraph at lines 16--44
\OT1/cmr/bx/n/10 P
 []


Overfull \hbox (8.8194pt too wide) in paragraph at lines 16--44
\OT1/cmr/bx/n/10 D 
 []


Overfull \hbox (24.86098pt too wide) in paragraph at lines 16--44
\OT1/cmr/bx/n/10 SEM
 []


Overfull \hbox (6.38885pt too wide) in paragraph at lines 16--44
\OT1/cmr/bx/n/10 S
 []


Overfull \hbox (7.55551pt too wide) in paragraph at lines 16--44
\OT1/cmr/bx/n/10 E
 []


Overfull \hbox (10.91661pt too wide) in paragraph at lines 16--44
\OT1/cmr/bx/n/10 M 
 []


Overfull \hbox (9.58328pt too wide) in paragraph at lines 16--44
\OT1/cmr/bx/n/10 Si
 []


Overfull \hbox (9.58328pt too wide) in paragraph at lines 16--44
\OT1/cmr/bx/n/10 Si 
 []


Overfull \hbox (24.22209pt too wide) in paragraph at lines 16--44
\OT1/cmr/bx/n/10 SLM
 []


Overfull \hbox (6.38885pt too wide) in paragraph at lines 16--44
\OT1/cmr/bx/n/10 S
 []


Overfull \hbox (6.91663pt too wide) in paragraph at lines 16--44
\OT1/cmr/bx/n/10 L
 []


Overfull \hbox (10.91661pt too wide) in paragraph at lines 16--44
\OT1/cmr/bx/n/10 M 
 []


Overfull \hbox (15.01381pt too wide) in paragraph at lines 16--44
\OT1/cmr/bx/n/10 SR
 []


Overfull \hbox (6.38885pt too wide) in paragraph at lines 16--44
\OT1/cmr/bx/n/10 S
 []


Overfull \hbox (8.62495pt too wide) in paragraph at lines 16--44
\OT1/cmr/bx/n/10 R 
 []


Overfull \hbox (26.47208pt too wide) in paragraph at lines 16--44
\OT1/cmr/bx/n/10 TEM
 []


Overfull \hbox (7.99995pt too wide) in paragraph at lines 16--44
\OT1/cmr/bx/n/10 T
 []


Overfull \hbox (7.55551pt too wide) in paragraph at lines 16--44
\OT1/cmr/bx/n/10 E
 []


Overfull \hbox (10.91661pt too wide) in paragraph at lines 16--44
\OT1/cmr/bx/n/10 M 
 []

)
! Emergency stop.
<*> Abbreviations.tex
                     
*** (job aborted, no legal \end found)

 
Here is how much of TeX's memory you used:
 12 strings out of 494045
 334 string characters out of 3145960
 51890 words of memory out of 3000000
 3402 multiletter control sequences out of 15000+200000
 4294 words of font info for 16 fonts, out of 3000000 for 9000
 715 hyphenation exceptions out of 8191
 14i,1n,10p,126b,78s stack positions out of 5000i,500n,10000p,200000b,50000s
!  ==> Fatal error occurred, no output PDF file produced!
